[35m[1mScanning dependencies of target te[0m
[ 33%] [34m[1mGenerating dynamic reconfigure files from cfg/pid.cfg: /home/qyd/dx/one_ws/devel/.private/hero_controllers/include/hero_controllers/pidConfig.h /home/qyd/dx/one_ws/devel/.private/hero_controllers/lib/python3/dist-packages/hero_controllers/cfg/pidConfig.py[0m
[ 66%] [32mBuilding CXX object CMakeFiles/te.dir/src/re.cpp.o[0m
[100%] [32m[1mLinking CXX executable /home/qyd/dx/one_ws/devel/.private/hero_controllers/lib/hero_controllers/te[0m
Generating reconfiguration files for DynamicConfig in my_package
Wrote header file in /home/qyd/dx/one_ws/devel/.private/hero_controllers/include/hero_controllers/DynamicConfigConfig.h
/usr/bin/ld: /usr/lib/gcc/x86_64-linux-gnu/9/../../../x86_64-linux-gnu/Scrt1.o: in function `_start':
(.text+0x24): undefined reference to `main'
collect2: error: ld returned 1 exit status
make[2]: *** [CMakeFiles/te.dir/build.make:111ï¼š/home/qyd/dx/one_ws/devel/.private/hero_controllers/lib/hero_controllers/te] é”™è¯¯ 1
make[1]: *** [CMakeFiles/Makefile2:460ï¼šCMakeFiles/te.dir/all] é”™è¯¯ 2
make[1]: *** æ­£åœ¨ç­‰å¾…æœªå®Œæˆçš„ä»»åŠ¡....
[100%] Built target hero_controllers_gencfg
make: *** [Makefile:141ï¼šall] é”™è¯¯ 2
