[01m[K/home/qyd/dx/one_ws/src/hero_chassis_controller/src/mecanum_wheels_pub.cpp:[m[K In function â€˜[01m[Kvoid cmd_vel_Callback(const ConstPtr&)[m[Kâ€™:
[01m[K/home/qyd/dx/one_ws/src/hero_chassis_controller/src/mecanum_wheels_pub.cpp:36:3:[m[K [01;31m[Kerror: [m[Kâ€˜[01m[Kfront_left_wheel_pub[m[Kâ€™ was not declared in this scope
   36 |   [01;31m[Kfront_left_wheel_pub[m[K.publish(left_front_wheel_speed_msg);
      |   [01;31m[K^~~~~~~~~~~~~~~~~~~~[m[K
[01m[K/home/qyd/dx/one_ws/src/hero_chassis_controller/src/mecanum_wheels_pub.cpp:37:3:[m[K [01;31m[Kerror: [m[Kâ€˜[01m[Kfront_back_wheel_pub[m[Kâ€™ was not declared in this scope; did you mean â€˜[01m[Kright_back_wheel_pub[m[Kâ€™?
   37 |   [01;31m[Kfront_back_wheel_pub[m[K.publish(right_front_wheel_speed_msg);
      |   [01;31m[K^~~~~~~~~~~~~~~~~~~~[m[K
      |   [32m[Kright_back_wheel_pub[m[K
make[2]: *** [CMakeFiles/mecanum_wheels_pub.dir/build.make:63ï¼šCMakeFiles/mecanum_wheels_pub.dir/src/mecanum_wheels_pub.cpp.o] é”™è¯¯ 1
make[1]: *** [CMakeFiles/Makefile2:837ï¼šCMakeFiles/mecanum_wheels_pub.dir/all] é”™è¯¯ 2
make[1]: *** æ­£åœ¨ç­‰å¾…æœªå®Œæˆçš„ä»»åŠ¡....
make: *** [Makefile:141ï¼šall] é”™è¯¯ 2
