/usr/bin/cmake -S/home/qyd/dx/one_ws/src/tf_transform -B/home/qyd/dx/one_ws/build/tf_transform --check-build-system CMakeFiles/Makefile.cmake 0
/usr/bin/cmake -E cmake_progress_start /home/qyd/dx/one_ws/build/tf_transform/CMakeFiles /home/qyd/dx/one_ws/build/tf_transform/CMakeFiles/progress.marks
/usr/bin/make -f CMakeFiles/Makefile2 all
make[1]: è¿›å…¥ç›®å½•â€œ/home/qyd/dx/one_ws/build/tf_transformâ€
/usr/bin/make -f CMakeFiles/tf_transform.dir/build.make CMakeFiles/tf_transform.dir/depend
make[2]: è¿›å…¥ç›®å½•â€œ/home/qyd/dx/one_ws/build/tf_transformâ€
cd /home/qyd/dx/one_ws/build/tf_transform && /usr/bin/cmake -E cmake_depends "Unix Makefiles" /home/qyd/dx/one_ws/src/tf_transform /home/qyd/dx/one_ws/src/tf_transform /home/qyd/dx/one_ws/build/tf_transform /home/qyd/dx/one_ws/build/tf_transform /home/qyd/dx/one_ws/build/tf_transform/CMakeFiles/tf_transform.dir/DependInfo.cmake --color=
make[2]: ç¦»å¼€ç›®å½•â€œ/home/qyd/dx/one_ws/build/tf_transformâ€
/usr/bin/make -f CMakeFiles/tf_transform.dir/build.make CMakeFiles/tf_transform.dir/build
make[2]: è¿›å…¥ç›®å½•â€œ/home/qyd/dx/one_ws/build/tf_transformâ€
[ 50%] [32m[1mLinking CXX executable /home/qyd/dx/one_ws/devel/.private/tf_transform/lib/tf_transform/tf_transform[0m
/usr/bin/cmake -E cmake_link_script CMakeFiles/tf_transform.dir/link.txt --verbose=1
/usr/bin/c++    -rdynamic CMakeFiles/tf_transform.dir/src/tf_transform.cpp.o  -o /home/qyd/dx/one_ws/devel/.private/tf_transform/lib/tf_transform/tf_transform  -Wl,-rpath,/opt/ros/noetic/lib -lorocos-kdl -lorocos-kdl /opt/ros/noetic/lib/libtf2_ros.so /opt/ros/noetic/lib/libactionlib.so /opt/ros/noetic/lib/libmessage_filters.so /opt/ros/noetic/lib/libroscpp.so -lpthread /usr/lib/x86_64-linux-gnu/libboost_chrono.so.1.71.0 /usr/lib/x86_64-linux-gnu/libboost_filesystem.so.1.71.0 /opt/ros/noetic/lib/librosconsole.so /opt/ros/noetic/lib/librosconsole_log4cxx.so /opt/ros/noetic/lib/librosconsole_backend_interface.so -llog4cxx /usr/lib/x86_64-linux-gnu/libboost_regex.so.1.71.0 /opt/ros/noetic/lib/libxmlrpcpp.so /opt/ros/noetic/lib/libtf2.so /opt/ros/noetic/lib/libroscpp_serialization.so /opt/ros/noetic/lib/librostime.so /usr/lib/x86_64-linux-gnu/libboost_date_time.so.1.71.0 /opt/ros/noetic/lib/libcpp_common.so /usr/lib/x86_64-linux-gnu/libboost_system.so.1.71.0 /usr/lib/x86_64-linux-gnu/libboost_thread.so.1.71.0 /usr/lib/x86_64-linux-gnu/libconsole_bridge.so.0.4 
/usr/bin/ld: CMakeFiles/tf_transform.dir/src/tf_transform.cpp.o: in function `VelocityController::transformVelocityToBaseLink(boost::shared_ptr<geometry_msgs::Twist_<std::allocator<void> > const> const&, geometry_msgs::Twist_<std::allocator<void> >&)':
tf_transform.cpp:(.text._ZN18VelocityController27transformVelocityToBaseLinkERKN5boost10shared_ptrIKN13geometry_msgs6Twist_ISaIvEEEEERS5_[_ZN18VelocityController27transformVelocityToBaseLinkERKN5boost10shared_ptrIKN13geometry_msgs6Twist_ISaIvEEEEERS5_]+0x173): undefined reference to `void tf2::doTransform<geometry_msgs::Twist_<std::allocator<void> > >(geometry_msgs::Twist_<std::allocator<void> > const&, geometry_msgs::Twist_<std::allocator<void> >&, geometry_msgs::TransformStamped_<std::allocator<void> > const&)'
collect2: error: ld returned 1 exit status
make[2]: *** [CMakeFiles/tf_transform.dir/build.make:107ï¼š/home/qyd/dx/one_ws/devel/.private/tf_transform/lib/tf_transform/tf_transform] é”™è¯¯ 1
make[2]: ç¦»å¼€ç›®å½•â€œ/home/qyd/dx/one_ws/build/tf_transformâ€
make[1]: *** [CMakeFiles/Makefile2:175ï¼šCMakeFiles/tf_transform.dir/all] é”™è¯¯ 2
make[1]: ç¦»å¼€ç›®å½•â€œ/home/qyd/dx/one_ws/build/tf_transformâ€
make: *** [Makefile:141ï¼šall] é”™è¯¯ 2
