/usr/bin/ld: CMakeFiles/tf_transform.dir/src/tf_transform.cpp.o: in function `VelocityController::transformVelocityToBaseLink(boost::shared_ptr<geometry_msgs::Twist_<std::allocator<void> > const> const&, geometry_msgs::Twist_<std::allocator<void> >&)':
/home/qyd/dx/one_ws/src/tf_transform/src/tf_transform.cpp:79: undefined reference to `void tf2::doTransform<geometry_msgs::Twist_<std::allocator<void> > >(geometry_msgs::Twist_<std::allocator<void> > const&, geometry_msgs::Twist_<std::allocator<void> >&, geometry_msgs::TransformStamped_<std::allocator<void> > const&)'
collect2: error: ld returned 1 exit status
make[2]: *** [CMakeFiles/tf_transform.dir/build.make:107：/home/qyd/dx/one_ws/devel/.private/tf_transform/lib/tf_transform/tf_transform] 错误 1
make[1]: *** [CMakeFiles/Makefile2:180：CMakeFiles/tf_transform.dir/all] 错误 2
make: *** [Makefile:141：all] 错误 2
